<?xml version="1.0" encoding="UTF-8"?>
<testng-results ignored="0" total="1" passed="1" failed="0" skipped="0">
  <reporter-output>
  </reporter-output>
  <suite started-at="2025-02-26T22:11:36 CET" name="Default suite" finished-at="2025-02-26T22:11:44 CET" duration-ms="7684">
    <groups>
    </groups>
    <test started-at="2025-02-26T22:11:36 CET" name="Default test" finished-at="2025-02-26T22:11:44 CET" duration-ms="7684">
      <class name="tests.LoginTest">
        <test-method is-config="true" signature="setUp()[pri:0, instance:tests.LoginTest@3c947bc5]" started-at="2025-02-26T22:11:36 CET" name="setUp" finished-at="2025-02-26T22:11:42 CET" duration-ms="6313" status="PASS">
          <reporter-output>
          </reporter-output>
        </test-method> <!-- setUp -->
        <test-method signature="testValidLogin()[pri:0, instance:tests.LoginTest@3c947bc5]" started-at="2025-02-26T22:11:42 CET" name="testValidLogin" finished-at="2025-02-26T22:11:44 CET" duration-ms="1258" status="PASS">
          <reporter-output>
          </reporter-output>
        </test-method> <!-- testValidLogin -->
      </class> <!-- tests.LoginTest -->
    </test> <!-- Default test -->
  </suite> <!-- Default suite -->
</testng-results>
