<?xml version="1.0" encoding="UTF-8"?>
<testng-results ignored="0" total="1" passed="1" failed="0" skipped="0">
  <reporter-output>
  </reporter-output>
  <suite started-at="2025-03-04T15:41:53 CET" name="Default suite" finished-at="2025-03-04T15:41:59 CET" duration-ms="5787">
    <groups>
    </groups>
    <test started-at="2025-03-04T15:41:53 CET" name="Default test" finished-at="2025-03-04T15:41:59 CET" duration-ms="5787">
      <class name="tests.LoginTest">
        <test-method is-config="true" signature="setUp()[pri:0, instance:tests.LoginTest@41d477ed]" started-at="2025-03-04T15:41:53 CET" name="setUp" finished-at="2025-03-04T15:41:58 CET" duration-ms="4394" status="PASS">
          <reporter-output>
          </reporter-output>
        </test-method> <!-- setUp -->
        <test-method signature="testValidLogin()[pri:0, instance:tests.LoginTest@41d477ed]" started-at="2025-03-04T15:41:58 CET" name="testValidLogin" finished-at="2025-03-04T15:41:59 CET" duration-ms="1057" status="PASS">
          <reporter-output>
          </reporter-output>
        </test-method> <!-- testValidLogin -->
        <test-method is-config="true" signature="tearDown()[pri:0, instance:tests.LoginTest@41d477ed]" started-at="2025-03-04T15:41:59 CET" name="tearDown" finished-at="2025-03-04T15:41:59 CET" duration-ms="276" status="PASS">
          <reporter-output>
          </reporter-output>
        </test-method> <!-- tearDown -->
      </class> <!-- tests.LoginTest -->
    </test> <!-- Default test -->
  </suite> <!-- Default suite -->
</testng-results>
